2020-10-12 10:07:49 [ main:0 ] - [ INFO ] Initializing process engine using configuration 'file:/E:/gitDemo/activiti01/target/classes/activiti.cfg.xml'
2020-10-12 10:07:50 [ main:13 ] - [ INFO ] initializing process engine for resource file:/E:/gitDemo/activiti01/target/classes/activiti.cfg.xml
2020-10-12 10:07:51 [ main:1332 ] - [ INFO ] {dataSource-1} inited
2020-10-12 10:07:54 [ main:4096 ] - [ INFO ] Activiti 5 compatibility handler implementation not found or error during instantiation : org.activiti.compatibility.DefaultActiviti5CompatibilityHandler. Activiti 5 backwards compatibility disabled.
2020-10-12 10:07:54 [ main:4196 ] - [ INFO ] ProcessEngine default created
2020-10-12 10:07:54 [ main:4206 ] - [ INFO ] initialised process engine default
2020-10-12 10:08:30 [ main:0 ] - [ INFO ] Initializing process engine using configuration 'file:/E:/gitDemo/activiti01/target/classes/activiti.cfg.xml'
2020-10-12 10:08:30 [ main:2 ] - [ INFO ] initializing process engine for resource file:/E:/gitDemo/activiti01/target/classes/activiti.cfg.xml
2020-10-12 10:08:31 [ main:684 ] - [ INFO ] {dataSource-1} inited
2020-10-12 10:08:33 [ main:2817 ] - [ INFO ] Activiti 5 compatibility handler implementation not found or error during instantiation : org.activiti.compatibility.DefaultActiviti5CompatibilityHandler. Activiti 5 backwards compatibility disabled.
2020-10-12 10:08:33 [ main:2882 ] - [ INFO ] ProcessEngine default created
2020-10-12 10:08:33 [ main:2895 ] - [ INFO ] initialised process engine default
2020-10-12 10:08:33 [ main:3049 ] - [ ERROR ] Error while closing command context
org.activiti.engine.ActivitiException: Unknown property used in expression: ${assignee0}
	at org.activiti.engine.impl.el.JuelExpression.getValue(JuelExpression.java:52)
	at org.activiti.engine.impl.bpmn.behavior.UserTaskActivityBehavior.handleAssignments(UserTaskActivityBehavior.java:250)
	at org.activiti.engine.impl.bpmn.behavior.UserTaskActivityBehavior.execute(UserTaskActivityBehavior.java:208)
	at org.activiti.engine.impl.agenda.ContinueProcessOperation.executeActivityBehavior(ContinueProcessOperation.java:210)
	at org.activiti.engine.impl.agenda.ContinueProcessOperation.executeSynchronous(ContinueProcessOperation.java:146)
	at org.activiti.engine.impl.agenda.ContinueProcessOperation.continueThroughFlowNode(ContinueProcessOperation.java:101)
	at org.activiti.engine.impl.agenda.ContinueProcessOperation.run(ContinueProcessOperation.java:66)
	at org.activiti.engine.impl.interceptor.CommandInvoker.executeOperation(CommandInvoker.java:73)
	at org.activiti.engine.impl.interceptor.CommandInvoker.executeOperations(CommandInvoker.java:57)
	at org.activiti.engine.impl.interceptor.CommandInvoker.execute(CommandInvoker.java:42)
	at org.activiti.engine.impl.interceptor.TransactionContextInterceptor.execute(TransactionContextInterceptor.java:48)
	at org.activiti.engine.impl.interceptor.CommandContextInterceptor.execute(CommandContextInterceptor.java:63)
	at org.activiti.engine.impl.interceptor.LogInterceptor.execute(LogInterceptor.java:35)
	at org.activiti.engine.impl.cfg.CommandExecutorImpl.execute(CommandExecutorImpl.java:44)
	at org.activiti.engine.impl.cfg.CommandExecutorImpl.execute(CommandExecutorImpl.java:39)
	at org.activiti.engine.impl.RuntimeServiceImpl.startProcessInstanceByKey(RuntimeServiceImpl.java:81)
	at com.carol.test.ActivitiSatrtProcessInstanceTest.startProcessInstanceTest(ActivitiSatrtProcessInstanceTest.java:52)
	at com.carol.test.ActivitiMethodTest.testStartProcessInstance(ActivitiMethodTest.java:34)
	at sun.reflect.NativeMethodAccessorImpl.invoke0(Native Method)
	at sun.reflect.NativeMethodAccessorImpl.invoke(NativeMethodAccessorImpl.java:62)
	at sun.reflect.DelegatingMethodAccessorImpl.invoke(DelegatingMethodAccessorImpl.java:43)
	at java.lang.reflect.Method.invoke(Method.java:498)
	at org.junit.runners.model.FrameworkMethod$1.runReflectiveCall(FrameworkMethod.java:50)
	at org.junit.internal.runners.model.ReflectiveCallable.run(ReflectiveCallable.java:12)
	at org.junit.runners.model.FrameworkMethod.invokeExplosively(FrameworkMethod.java:47)
	at org.junit.internal.runners.statements.InvokeMethod.evaluate(InvokeMethod.java:17)
	at org.junit.runners.ParentRunner.runLeaf(ParentRunner.java:325)
	at org.junit.runners.BlockJUnit4ClassRunner.runChild(BlockJUnit4ClassRunner.java:78)
	at org.junit.runners.BlockJUnit4ClassRunner.runChild(BlockJUnit4ClassRunner.java:57)
	at org.junit.runners.ParentRunner$3.run(ParentRunner.java:290)
	at org.junit.runners.ParentRunner$1.schedule(ParentRunner.java:71)
	at org.junit.runners.ParentRunner.runChildren(ParentRunner.java:288)
	at org.junit.runners.ParentRunner.access$000(ParentRunner.java:58)
	at org.junit.runners.ParentRunner$2.evaluate(ParentRunner.java:268)
	at org.junit.runners.ParentRunner.run(ParentRunner.java:363)
	at org.junit.runner.JUnitCore.run(JUnitCore.java:137)
	at com.intellij.junit4.JUnit4IdeaTestRunner.startRunnerWithArgs(JUnit4IdeaTestRunner.java:68)
	at com.intellij.rt.execution.junit.IdeaTestRunner$Repeater.startRunnerWithArgs(IdeaTestRunner.java:47)
	at com.intellij.rt.execution.junit.JUnitStarter.prepareStreamsAndStart(JUnitStarter.java:242)
	at com.intellij.rt.execution.junit.JUnitStarter.main(JUnitStarter.java:70)
Caused by: javax.el.PropertyNotFoundException: Cannot resolve identifier 'assignee0'
	at de.odysseus.el.tree.impl.ast.AstIdentifier.eval(AstIdentifier.java:93)
	at de.odysseus.el.tree.impl.ast.AstEval.eval(AstEval.java:51)
	at de.odysseus.el.tree.impl.ast.AstNode.getValue(AstNode.java:31)
	at de.odysseus.el.TreeValueExpression.getValue(TreeValueExpression.java:122)
	at org.activiti.engine.impl.delegate.invocation.ExpressionGetInvocation.invoke(ExpressionGetInvocation.java:33)
	at org.activiti.engine.impl.delegate.invocation.DelegateInvocation.proceed(DelegateInvocation.java:35)
	at org.activiti.engine.impl.delegate.invocation.DefaultDelegateInterceptor.handleInvocation(DefaultDelegateInterceptor.java:25)
	at org.activiti.engine.impl.el.JuelExpression.getValue(JuelExpression.java:49)
	... 39 more
2020-10-12 10:20:13 [ main:0 ] - [ INFO ] Initializing process engine using configuration 'file:/E:/gitDemo/activiti01/target/classes/activiti.cfg.xml'
2020-10-12 10:20:13 [ main:2 ] - [ INFO ] initializing process engine for resource file:/E:/gitDemo/activiti01/target/classes/activiti.cfg.xml
2020-10-12 10:20:14 [ main:700 ] - [ INFO ] {dataSource-1} inited
2020-10-12 10:20:16 [ main:2888 ] - [ INFO ] Activiti 5 compatibility handler implementation not found or error during instantiation : org.activiti.compatibility.DefaultActiviti5CompatibilityHandler. Activiti 5 backwards compatibility disabled.
2020-10-12 10:20:16 [ main:2968 ] - [ INFO ] ProcessEngine default created
2020-10-12 10:20:16 [ main:2979 ] - [ INFO ] initialised process engine default
2020-10-12 10:20:20 [ main:0 ] - [ INFO ] Initializing process engine using configuration 'file:/E:/gitDemo/activiti01/target/classes/activiti.cfg.xml'
2020-10-12 10:20:20 [ main:2 ] - [ INFO ] initializing process engine for resource file:/E:/gitDemo/activiti01/target/classes/activiti.cfg.xml
2020-10-12 10:20:21 [ main:852 ] - [ INFO ] {dataSource-1} inited
2020-10-12 10:20:24 [ main:3173 ] - [ INFO ] Activiti 5 compatibility handler implementation not found or error during instantiation : org.activiti.compatibility.DefaultActiviti5CompatibilityHandler. Activiti 5 backwards compatibility disabled.
2020-10-12 10:20:24 [ main:3245 ] - [ INFO ] ProcessEngine default created
2020-10-12 10:20:24 [ main:3254 ] - [ INFO ] initialised process engine default
2020-10-12 10:22:31 [ main:0 ] - [ INFO ] Initializing process engine using configuration 'file:/E:/gitDemo/activiti01/target/classes/activiti.cfg.xml'
2020-10-12 10:22:31 [ main:1 ] - [ INFO ] initializing process engine for resource file:/E:/gitDemo/activiti01/target/classes/activiti.cfg.xml
2020-10-12 10:22:32 [ main:684 ] - [ INFO ] {dataSource-1} inited
2020-10-12 10:22:34 [ main:2814 ] - [ INFO ] Activiti 5 compatibility handler implementation not found or error during instantiation : org.activiti.compatibility.DefaultActiviti5CompatibilityHandler. Activiti 5 backwards compatibility disabled.
2020-10-12 10:22:34 [ main:2883 ] - [ INFO ] ProcessEngine default created
2020-10-12 10:22:34 [ main:2893 ] - [ INFO ] initialised process engine default
2020-10-12 13:35:20 [ main:0 ] - [ INFO ] Initializing process engine using configuration 'file:/E:/gitDemo/activiti01/target/classes/activiti.cfg.xml'
2020-10-12 13:35:20 [ main:3 ] - [ INFO ] initializing process engine for resource file:/E:/gitDemo/activiti01/target/classes/activiti.cfg.xml
2020-10-12 13:35:20 [ main:671 ] - [ INFO ] {dataSource-1} inited
2020-10-12 13:35:22 [ main:2745 ] - [ INFO ] Activiti 5 compatibility handler implementation not found or error during instantiation : org.activiti.compatibility.DefaultActiviti5CompatibilityHandler. Activiti 5 backwards compatibility disabled.
2020-10-12 13:35:22 [ main:2809 ] - [ INFO ] ProcessEngine default created
2020-10-12 13:35:22 [ main:2817 ] - [ INFO ] initialised process engine default
2020-10-12 13:38:28 [ main:0 ] - [ INFO ] Initializing process engine using configuration 'file:/E:/gitDemo/activiti01/target/classes/activiti.cfg.xml'
2020-10-12 13:38:28 [ main:3 ] - [ INFO ] initializing process engine for resource file:/E:/gitDemo/activiti01/target/classes/activiti.cfg.xml
2020-10-12 13:38:29 [ main:673 ] - [ INFO ] {dataSource-1} inited
2020-10-12 13:38:31 [ main:2842 ] - [ INFO ] Activiti 5 compatibility handler implementation not found or error during instantiation : org.activiti.compatibility.DefaultActiviti5CompatibilityHandler. Activiti 5 backwards compatibility disabled.
2020-10-12 13:38:31 [ main:2919 ] - [ INFO ] ProcessEngine default created
2020-10-12 13:38:31 [ main:2929 ] - [ INFO ] initialised process engine default
